[2020-11-23 11:34:13,821] INFO - hello :)
[2020-11-23 13:39:47,876] INFO - using device: cpu
[2020-11-23 17:59:44,631] INFO - using device: cpu
[2020-11-23 17:59:47,411] INFO - using args: 
{
  "batch_size": 2,
  "data_path": "../data/sample-data",
  "gru_hidden_size": 256,
  "lr": 0.001,
  "n_epochs": 10,
  "num_classes": 2000,
  "save_dir": "../runs/conv2d-rnn"
}
[2020-11-23 18:00:40,979] INFO - using device: cpu
[2020-11-23 18:00:42,873] INFO - using args: 
{
  "batch_size": 2,
  "data_path": "../data/sample-data",
  "gru_hidden_size": 256,
  "lr": 0.001,
  "n_epochs": 10,
  "num_classes": 2000,
  "save_dir": "../runs/conv2d-rnn"
}
